[ 25%] [32mBuilding CXX object CMakeFiles/positioning_node.dir/src/landmark_manager.cpp.o[0m
[01m[K/home/studamr/ros2_ws_exer01/src/kalman_positioning/src/landmark_manager.cpp:[m[K In member function â€˜[01m[Kbool LandmarkManager::[01;32m[KloadFromCSV[m[K(const std::string&)[m[Kâ€™:
[01m[K/home/studamr/ros2_ws_exer01/src/kalman_positioning/src/landmark_manager.cpp:66:20:[m[K [01;31m[Kerror: [m[Kâ€˜[01m[Kclass std::map<int, std::pair<double, double> >[m[Kâ€™ has no member named â€˜[01m[Kpush_back[m[Kâ€™
   66 |         landmarks_.[01;31m[Kpush_back[m[K({id, x, y});
      |                    [01;31m[K^~~~~~~~~[m[K
gmake[2]: *** [CMakeFiles/positioning_node.dir/build.make:104: CMakeFiles/positioning_node.dir/src/landmark_manager.cpp.o] Error 1
gmake[1]: *** [CMakeFiles/Makefile2:137: CMakeFiles/positioning_node.dir/all] Error 2
gmake: *** [Makefile:146: all] Error 2
